<?xml version="1.0" encoding="UTF-8"?>
<!-- Generated by org.testng.reporters.JUnitReportReporter -->
<testsuite hostname="Air-Alexander-3.Dlink" failures="0" tests="2" name="tests.lesson04.Lesson04Test" time="1.445" errors="0" timestamp="16 апр. 2018 05:57:58 GMT" skipped="0">
  <testcase classname="tests.lesson04.Lesson04Test" name="useSelectTest" time="0.828"/>
  <testcase classname="tests.lesson04.Lesson04Test" name="useWaitTest" time="0.617"/>
</testsuite> <!-- tests.lesson04.Lesson04Test -->
