<?xml version="1.0" encoding="UTF-8"?>
<!-- Generated by org.testng.reporters.JUnitReportReporter -->
<testsuite hostname="MacBook-Air-Alexander-3.local" failures="0" tests="4" name="tests.lesson03.SomeTest" time="2.823" errors="0" timestamp="24 апр. 2018 04:49:43 GMT" skipped="0">
  <testcase classname="tests.lesson03.SomeTest" name="dataProviderTest" time="0.000"/>
  <testcase classname="tests.lesson03.SomeTest" name="dataProviderTest" time="0.000"/>
  <testcase classname="tests.lesson03.SomeTest" name="clickLinkTest" time="2.110"/>
  <testcase classname="tests.lesson03.SomeTest" name="radiobuttonTest" time="0.713"/>
</testsuite> <!-- tests.lesson03.SomeTest -->
