<?xml version="1.0" encoding="UTF-8"?>
<!-- Generated by org.testng.reporters.JUnitReportReporter -->
<testsuite hostname="Air-Alexander-3.Dlink" failures="0" tests="3" name="tests.lesson04.Lesson04Test" time="6.315" errors="0" timestamp="16 апр. 2018 19:19:47 GMT" skipped="0">
  <testcase classname="tests.lesson04.Lesson04Test" name="someTest" time="4.944"/>
  <testcase classname="tests.lesson04.Lesson04Test" name="useWaitTest" time="0.566"/>
  <testcase classname="tests.lesson04.Lesson04Test" name="useSelectTest" time="0.805"/>
</testsuite> <!-- tests.lesson04.Lesson04Test -->
