<?xml version="1.0" encoding="UTF-8"?>
<!-- Generated by org.testng.reporters.JUnitReportReporter -->
<testsuite hostname="Air-Alexander-3.Dlink" failures="0" tests="4" name="tests.lesson03.SomeTest" time="1.565" errors="0" timestamp="16 апр. 2018 05:57:58 GMT" skipped="0">
  <testcase classname="tests.lesson03.SomeTest" name="dataProviderTest" time="0.000"/>
  <testcase classname="tests.lesson03.SomeTest" name="radiobuttonTest" time="0.383"/>
  <testcase classname="tests.lesson03.SomeTest" name="dataProviderTest" time="0.000"/>
  <testcase classname="tests.lesson03.SomeTest" name="clickLinkTest" time="1.182"/>
</testsuite> <!-- tests.lesson03.SomeTest -->
