<?xml version="1.0" encoding="UTF-8"?>
<!-- Generated by org.testng.reporters.JUnitReportReporter -->
<testsuite hostname="Air-Alexander-3.Dlink" failures="0" tests="4" name="tests.lesson03.SomeTest" time="13.084" errors="0" timestamp="16 апр. 2018 19:19:47 GMT" skipped="0">
  <testcase classname="tests.lesson03.SomeTest" name="dataProviderTest" time="0.000"/>
  <testcase classname="tests.lesson03.SomeTest" name="radiobuttonTest" time="0.340"/>
  <testcase classname="tests.lesson03.SomeTest" name="clickLinkTest" time="12.744"/>
  <testcase classname="tests.lesson03.SomeTest" name="dataProviderTest" time="0.000"/>
</testsuite> <!-- tests.lesson03.SomeTest -->
