<?xml version="1.0" encoding="UTF-8"?>
<!-- Generated by org.testng.reporters.JUnitReportReporter -->
<testsuite hostname="MacBook-Air-Alexander-3.local" failures="0" tests="3" name="tests.lesson04.Lesson04Test" time="1.792" errors="0" timestamp="22 апр. 2018 10:47:36 GMT" skipped="0">
  <testcase classname="tests.lesson04.Lesson04Test" name="useSiblingTest" time="0.345"/>
  <testcase classname="tests.lesson04.Lesson04Test" name="useWaitTest" time="0.584"/>
  <testcase classname="tests.lesson04.Lesson04Test" name="useSelectTest" time="0.863"/>
</testsuite> <!-- tests.lesson04.Lesson04Test -->
